{"level":"error","message":"Sat Mar 09 2024 15:35:48 GMT+0100 (West Africa Standard Time)-{\"expose\":true,\"statusCode\":400,\"status\":400,\"body\":\"{\\n  \\\"email\\\": \\\"test@test.com\\\",\\n  \\\"password\\\": \\\"23345756\\\",\\n}\",\"type\":\"entity.parse.failed\"}","private":true}
{"level":"error","message":"Sat Mar 09 2024 15:39:13 GMT+0100 (West Africa Standard Time)-{\"name\":\"Data Not found\",\"statusCode\":{\"name\":\"API Error\",\"statusCode\":500,\"isOperational\":true},\"isOperational\":true}","private":true}
{"level":"error","message":"Sat Mar 09 2024 15:40:55 GMT+0100 (West Africa Standard Time)-{\"name\":\"Data Not found\",\"statusCode\":{\"name\":\"API Error\",\"statusCode\":500,\"isOperational\":true},\"isOperational\":true}","private":true}
{"level":"error","message":"Sat Mar 09 2024 15:43:10 GMT+0100 (West Africa Standard Time)-{\"name\":\"Data Not found\",\"statusCode\":{\"name\":\"API Error\",\"statusCode\":500,\"isOperational\":true},\"isOperational\":true}","private":true}
{"level":"error","message":"Sat Mar 09 2024 15:47:18 GMT+0100 (West Africa Standard Time)-{\"name\":\"Data Not found\",\"statusCode\":{\"name\":\"API Error\",\"statusCode\":500,\"isOperational\":true},\"isOperational\":true}","private":true}
{"level":"error","message":"Sat Mar 09 2024 15:51:32 GMT+0100 (West Africa Standard Time)-{\"name\":\"Data Not found\",\"statusCode\":{\"name\":\"API Error\",\"statusCode\":500,\"isOperational\":true},\"isOperational\":true}","private":true}
{"level":"error","message":"Sat Mar 09 2024 15:55:33 GMT+0100 (West Africa Standard Time)-{\"name\":\"Data Not found\",\"statusCode\":{\"name\":\"API Error\",\"statusCode\":500,\"isOperational\":true},\"isOperational\":true}","private":true}
{"level":"error","message":"Sat Mar 09 2024 15:57:28 GMT+0100 (West Africa Standard Time)-{\"name\":\"Data Not found\",\"statusCode\":{\"name\":\"API Error\",\"statusCode\":500,\"isOperational\":true},\"isOperational\":true}","private":true}
{"level":"error","message":"Sun Mar 10 2024 14:26:26 GMT+0100 (West Africa Standard Time)-{\"name\":\"Data Not found\",\"statusCode\":{\"name\":\"API Error\",\"statusCode\":500,\"isOperational\":true},\"isOperational\":true}","private":true}
{"level":"error","message":"Sun Mar 10 2024 14:27:39 GMT+0100 (West Africa Standard Time)-{\"name\":\"Data Not found\",\"statusCode\":{},\"isOperational\":true}","private":true}
{"level":"error","message":"Sun Mar 10 2024 14:28:47 GMT+0100 (West Africa Standard Time)-{\"name\":\"Data Not found\",\"statusCode\":{\"name\":\"API Error\",\"statusCode\":500,\"isOperational\":true},\"isOperational\":true}","private":true}
{"level":"error","message":"Sun Mar 10 2024 14:32:13 GMT+0100 (West Africa Standard Time)-{\"name\":\"Data Not found\",\"statusCode\":{\"name\":\"API Error\",\"statusCode\":500,\"isOperational\":true},\"isOperational\":true}","private":true}
{"level":"error","message":"Sun Mar 10 2024 14:33:08 GMT+0100 (West Africa Standard Time)-{\"name\":\"Data Not found\",\"statusCode\":{\"name\":\"API Error\",\"statusCode\":500,\"isOperational\":true},\"isOperational\":true}","private":true}
{"level":"error","message":"Sun Mar 10 2024 14:34:20 GMT+0100 (West Africa Standard Time)-{\"name\":\"Data Not found\",\"statusCode\":{\"name\":\"API Error\",\"statusCode\":500,\"isOperational\":true},\"isOperational\":true}","private":true}
{"level":"error","message":"Sun Mar 10 2024 14:34:42 GMT+0100 (West Africa Standard Time)-{\"name\":\"Data Not found\",\"statusCode\":{\"name\":\"API Error\",\"statusCode\":500,\"isOperational\":true},\"isOperational\":true}","private":true}
{"level":"error","message":"Sun Mar 10 2024 14:36:14 GMT+0100 (West Africa Standard Time)-{\"name\":\"Data Not found\",\"statusCode\":{\"name\":\"API Error\",\"statusCode\":500,\"isOperational\":true},\"isOperational\":true}","private":true}
{"level":"error","message":"Sun Mar 10 2024 14:38:46 GMT+0100 (West Africa Standard Time)-{\"name\":\"Data Not found\",\"statusCode\":{\"name\":\"API Error\",\"statusCode\":500,\"isOperational\":true},\"isOperational\":true}","private":true}
{"level":"error","message":"Sun Mar 10 2024 14:39:15 GMT+0100 (West Africa Standard Time)-{\"name\":\"Data Not found\",\"statusCode\":{\"name\":\"API Error\",\"statusCode\":500,\"isOperational\":true},\"isOperational\":true}","private":true}
{"level":"error","message":"Sun Mar 10 2024 14:40:11 GMT+0100 (West Africa Standard Time)-{\"name\":\"Data Not found\",\"statusCode\":{},\"isOperational\":true}","private":true}
{"level":"error","message":"Sun Mar 10 2024 14:42:01 GMT+0100 (West Africa Standard Time)-{\"name\":\"Data Not found\",\"statusCode\":{},\"isOperational\":true}","private":true}
{"level":"error","message":"Sun Mar 10 2024 14:43:55 GMT+0100 (West Africa Standard Time)-{\"name\":\"Data Not found\",\"statusCode\":{},\"isOperational\":true}","private":true}
{"level":"error","message":"Sun Mar 10 2024 14:48:13 GMT+0100 (West Africa Standard Time)-{\"name\":\"Data Not found\",\"statusCode\":{\"name\":\"API Error\",\"statusCode\":500,\"isOperational\":true},\"isOperational\":true}","private":true}
{"level":"error","message":"Tue Mar 12 2024 23:53:43 GMT+0100 (West Africa Standard Time)-{\"name\":\"Data Not found\",\"statusCode\":{\"name\":\"API Error\",\"statusCode\":500,\"isOperational\":true},\"isOperational\":true}","private":true}
{"level":"error","message":"Tue Mar 12 2024 23:56:05 GMT+0100 (West Africa Standard Time)-{\"name\":\"Data Not found\",\"statusCode\":{\"name\":\"API Error\",\"statusCode\":500,\"isOperational\":true},\"isOperational\":true}","private":true}
{"level":"error","message":"Tue Mar 12 2024 23:58:27 GMT+0100 (West Africa Standard Time)-{\"name\":\"Data Not found\",\"statusCode\":{\"name\":\"API Error\",\"statusCode\":500,\"isOperational\":true},\"isOperational\":true}","private":true}
{"level":"error","message":"Wed Mar 13 2024 00:04:05 GMT+0100 (West Africa Standard Time)-{\"name\":\"Data Not found\",\"statusCode\":{\"name\":\"API Error\",\"statusCode\":500,\"isOperational\":true},\"isOperational\":true}","private":true}
{"level":"error","message":"Wed Mar 13 2024 00:05:28 GMT+0100 (West Africa Standard Time)-{\"name\":\"Data Not found\",\"statusCode\":{\"name\":\"API Error\",\"statusCode\":500,\"isOperational\":true},\"isOperational\":true}","private":true}
{"level":"error","message":"Wed Mar 13 2024 12:08:42 GMT+0100 (West Africa Standard Time)-{\"name\":\"Data Not found\",\"statusCode\":{\"name\":\"API Error\",\"statusCode\":500,\"isOperational\":true},\"isOperational\":true}","private":true}
{"level":"error","message":"Wed Mar 13 2024 12:12:29 GMT+0100 (West Africa Standard Time)-{\"name\":\"Data Not found\",\"statusCode\":{\"name\":\"API Error\",\"statusCode\":500,\"isOperational\":true},\"isOperational\":true}","private":true}
{"level":"error","message":"Wed Mar 13 2024 12:15:49 GMT+0100 (West Africa Standard Time)-{}","private":true}
{"level":"error","message":"Wed Mar 13 2024 12:16:21 GMT+0100 (West Africa Standard Time)-{}","private":true}
